<?xml version="1.0" encoding="UTF-8"?>
<!-- Generated by org.testng.reporters.JUnitXMLReporter -->
<testsuite hostname="CIBI-PC" name="Test" tests="4" failures="0" timestamp="17 Mar 2022 14:51:53 GMT" time="31.968" errors="0">
  <testcase name="pojoLoginPage" time="3.79" classname="org.suit.LoginPage"/>
  <testcase name="pojoHotelSelectionPage" time="5.141" classname="org.suit.HotelSelectionPage"/>
  <testcase name="pojoHotelFinalSelectionPage" time="1.841" classname="org.suit.FinalSelectionPage"/>
  <testcase name="pojoPaymentPage" time="9.667" classname="org.suit.PaymentPage"/>
</testsuite> <!-- Test -->
